{"/home/yun/programming/COSC4353-FuelCostProject-Grp8/RegValidation.js": {"path":"/home/yun/programming/COSC4353-FuelCostProject-Grp8/RegValidation.js","statementMap":{"0":{"start":{"line":3,"column":4},"end":{"line":6,"column":18}},"1":{"start":{"line":4,"column":6},"end":{"line":4,"column":17}},"2":{"start":{"line":6,"column":6},"end":{"line":6,"column":18}},"3":{"start":{"line":11,"column":2},"end":{"line":14,"column":16}},"4":{"start":{"line":12,"column":4},"end":{"line":12,"column":15}},"5":{"start":{"line":14,"column":4},"end":{"line":14,"column":16}},"6":{"start":{"line":19,"column":17},"end":{"line":19,"column":24}},"7":{"start":{"line":20,"column":17},"end":{"line":20,"column":24}},"8":{"start":{"line":21,"column":2},"end":{"line":24,"column":16}},"9":{"start":{"line":22,"column":4},"end":{"line":22,"column":15}},"10":{"start":{"line":24,"column":4},"end":{"line":24,"column":16}},"11":{"start":{"line":29,"column":2},"end":{"line":32,"column":16}},"12":{"start":{"line":30,"column":4},"end":{"line":30,"column":15}},"13":{"start":{"line":32,"column":4},"end":{"line":32,"column":16}},"14":{"start":{"line":35,"column":0},"end":{"line":35,"column":40}},"15":{"start":{"line":36,"column":0},"end":{"line":36,"column":36}},"16":{"start":{"line":37,"column":0},"end":{"line":37,"column":38}},"17":{"start":{"line":38,"column":0},"end":{"line":38,"column":38}}},"fnMap":{"0":{"name":"CheckLength","decl":{"start":{"line":2,"column":9},"end":{"line":2,"column":20}},"loc":{"start":{"line":2,"column":25},"end":{"line":7,"column":1}},"line":2},"1":{"name":"CheckSymb","decl":{"start":{"line":10,"column":9},"end":{"line":10,"column":18}},"loc":{"start":{"line":10,"column":23},"end":{"line":15,"column":1}},"line":10},"2":{"name":"CheckLowUp","decl":{"start":{"line":18,"column":9},"end":{"line":18,"column":19}},"loc":{"start":{"line":18,"column":24},"end":{"line":25,"column":1}},"line":18},"3":{"name":"CheckMatch","decl":{"start":{"line":28,"column":9},"end":{"line":28,"column":19}},"loc":{"start":{"line":28,"column":27},"end":{"line":33,"column":1}},"line":28}},"branchMap":{"0":{"loc":{"start":{"line":3,"column":4},"end":{"line":6,"column":18}},"type":"if","locations":[{"start":{"line":3,"column":4},"end":{"line":6,"column":18}},{"start":{"line":6,"column":6},"end":{"line":6,"column":18}}],"line":3},"1":{"loc":{"start":{"line":11,"column":2},"end":{"line":14,"column":16}},"type":"if","locations":[{"start":{"line":11,"column":2},"end":{"line":14,"column":16}},{"start":{"line":14,"column":4},"end":{"line":14,"column":16}}],"line":11},"2":{"loc":{"start":{"line":11,"column":5},"end":{"line":11,"column":190}},"type":"binary-expr","locations":[{"start":{"line":11,"column":6},"end":{"line":11,"column":27}},{"start":{"line":11,"column":33},"end":{"line":11,"column":54}},{"start":{"line":11,"column":60},"end":{"line":11,"column":81}},{"start":{"line":11,"column":87},"end":{"line":11,"column":108}},{"start":{"line":11,"column":114},"end":{"line":11,"column":135}},{"start":{"line":11,"column":141},"end":{"line":11,"column":162}},{"start":{"line":11,"column":168},"end":{"line":11,"column":189}}],"line":11},"3":{"loc":{"start":{"line":21,"column":2},"end":{"line":24,"column":16}},"type":"if","locations":[{"start":{"line":21,"column":2},"end":{"line":24,"column":16}},{"start":{"line":24,"column":4},"end":{"line":24,"column":16}}],"line":21},"4":{"loc":{"start":{"line":21,"column":5},"end":{"line":21,"column":61}},"type":"binary-expr","locations":[{"start":{"line":21,"column":6},"end":{"line":21,"column":30}},{"start":{"line":21,"column":36},"end":{"line":21,"column":60}}],"line":21},"5":{"loc":{"start":{"line":29,"column":2},"end":{"line":32,"column":16}},"type":"if","locations":[{"start":{"line":29,"column":2},"end":{"line":32,"column":16}},{"start":{"line":32,"column":4},"end":{"line":32,"column":16}}],"line":29}},"s":{"0":3,"1":1,"2":2,"3":2,"4":1,"5":1,"6":2,"7":2,"8":2,"9":1,"10":1,"11":1,"12":1,"13":0,"14":1,"15":1,"16":1,"17":1},"f":{"0":3,"1":2,"2":2,"3":1},"b":{"0":[1,2],"1":[1,1],"2":[2,1,1,1,1,1,1],"3":[1,1],"4":[2,1],"5":[1,0]},"_coverageSchema":"1a1c01bbd47fc00a2c39e90264f33305004495a9","hash":"148ec605a4741dcc6b51b7bab0d1ef53457af4bd"}
,"/home/yun/programming/COSC4353-FuelCostProject-Grp8/fuel-quote-class.js": {"path":"/home/yun/programming/COSC4353-FuelCostProject-Grp8/fuel-quote-class.js","statementMap":{"0":{"start":{"line":2,"column":30},"end":{"line":2,"column":31}},"1":{"start":{"line":16,"column":8},"end":{"line":16,"column":40}},"2":{"start":{"line":17,"column":8},"end":{"line":17,"column":30}},"3":{"start":{"line":18,"column":8},"end":{"line":18,"column":24}},"4":{"start":{"line":19,"column":8},"end":{"line":19,"column":26}},"5":{"start":{"line":20,"column":8},"end":{"line":20,"column":50}},"6":{"start":{"line":21,"column":8},"end":{"line":21,"column":42}},"7":{"start":{"line":22,"column":8},"end":{"line":22,"column":29}},"8":{"start":{"line":23,"column":8},"end":{"line":23,"column":28}},"9":{"start":{"line":24,"column":8},"end":{"line":24,"column":28}},"10":{"start":{"line":30,"column":8},"end":{"line":30,"column":74}},"11":{"start":{"line":32,"column":8},"end":{"line":32,"column":31}},"12":{"start":{"line":35,"column":8},"end":{"line":38,"column":9}},"13":{"start":{"line":37,"column":12},"end":{"line":37,"column":36}},"14":{"start":{"line":41,"column":8},"end":{"line":44,"column":9}},"15":{"start":{"line":43,"column":12},"end":{"line":43,"column":36}},"16":{"start":{"line":47,"column":8},"end":{"line":58,"column":9}},"17":{"start":{"line":49,"column":12},"end":{"line":49,"column":36}},"18":{"start":{"line":51,"column":13},"end":{"line":58,"column":9}},"19":{"start":{"line":53,"column":12},"end":{"line":53,"column":36}},"20":{"start":{"line":55,"column":13},"end":{"line":58,"column":9}},"21":{"start":{"line":57,"column":12},"end":{"line":57,"column":36}},"22":{"start":{"line":60,"column":8},"end":{"line":60,"column":85}},"23":{"start":{"line":61,"column":8},"end":{"line":61,"column":74}},"24":{"start":{"line":67,"column":19},"end":{"line":67,"column":23}},"25":{"start":{"line":68,"column":8},"end":{"line":72,"column":9}},"26":{"start":{"line":70,"column":12},"end":{"line":70,"column":44}},"27":{"start":{"line":71,"column":12},"end":{"line":71,"column":24}},"28":{"start":{"line":73,"column":8},"end":{"line":77,"column":9}},"29":{"start":{"line":75,"column":12},"end":{"line":75,"column":42}},"30":{"start":{"line":76,"column":12},"end":{"line":76,"column":24}},"31":{"start":{"line":78,"column":8},"end":{"line":82,"column":9}},"32":{"start":{"line":80,"column":12},"end":{"line":80,"column":54}},"33":{"start":{"line":81,"column":12},"end":{"line":81,"column":24}},"34":{"start":{"line":83,"column":8},"end":{"line":87,"column":9}},"35":{"start":{"line":85,"column":12},"end":{"line":85,"column":50}},"36":{"start":{"line":86,"column":12},"end":{"line":86,"column":24}},"37":{"start":{"line":88,"column":8},"end":{"line":92,"column":9}},"38":{"start":{"line":90,"column":12},"end":{"line":90,"column":48}},"39":{"start":{"line":91,"column":12},"end":{"line":91,"column":24}},"40":{"start":{"line":94,"column":8},"end":{"line":97,"column":9}},"41":{"start":{"line":96,"column":12},"end":{"line":96,"column":37}},"42":{"start":{"line":98,"column":8},"end":{"line":98,"column":19}},"43":{"start":{"line":103,"column":0},"end":{"line":103,"column":36}}},"fnMap":{"0":{"name":"(anonymous_0)","decl":{"start":{"line":14,"column":4},"end":{"line":14,"column":5}},"loc":{"start":{"line":15,"column":4},"end":{"line":26,"column":5}},"line":15},"1":{"name":"(anonymous_1)","decl":{"start":{"line":28,"column":4},"end":{"line":28,"column":5}},"loc":{"start":{"line":29,"column":4},"end":{"line":62,"column":5}},"line":29},"2":{"name":"(anonymous_2)","decl":{"start":{"line":65,"column":4},"end":{"line":65,"column":5}},"loc":{"start":{"line":66,"column":4},"end":{"line":99,"column":5}},"line":66}},"branchMap":{"0":{"loc":{"start":{"line":35,"column":8},"end":{"line":38,"column":9}},"type":"if","locations":[{"start":{"line":35,"column":8},"end":{"line":38,"column":9}},{"start":{},"end":{}}],"line":35},"1":{"loc":{"start":{"line":41,"column":8},"end":{"line":44,"column":9}},"type":"if","locations":[{"start":{"line":41,"column":8},"end":{"line":44,"column":9}},{"start":{},"end":{}}],"line":41},"2":{"loc":{"start":{"line":47,"column":8},"end":{"line":58,"column":9}},"type":"if","locations":[{"start":{"line":47,"column":8},"end":{"line":58,"column":9}},{"start":{"line":51,"column":13},"end":{"line":58,"column":9}}],"line":47},"3":{"loc":{"start":{"line":51,"column":13},"end":{"line":58,"column":9}},"type":"if","locations":[{"start":{"line":51,"column":13},"end":{"line":58,"column":9}},{"start":{"line":55,"column":13},"end":{"line":58,"column":9}}],"line":51},"4":{"loc":{"start":{"line":55,"column":13},"end":{"line":58,"column":9}},"type":"if","locations":[{"start":{"line":55,"column":13},"end":{"line":58,"column":9}},{"start":{},"end":{}}],"line":55},"5":{"loc":{"start":{"line":68,"column":8},"end":{"line":72,"column":9}},"type":"if","locations":[{"start":{"line":68,"column":8},"end":{"line":72,"column":9}},{"start":{},"end":{}}],"line":68},"6":{"loc":{"start":{"line":73,"column":8},"end":{"line":77,"column":9}},"type":"if","locations":[{"start":{"line":73,"column":8},"end":{"line":77,"column":9}},{"start":{},"end":{}}],"line":73},"7":{"loc":{"start":{"line":78,"column":8},"end":{"line":82,"column":9}},"type":"if","locations":[{"start":{"line":78,"column":8},"end":{"line":82,"column":9}},{"start":{},"end":{}}],"line":78},"8":{"loc":{"start":{"line":83,"column":8},"end":{"line":87,"column":9}},"type":"if","locations":[{"start":{"line":83,"column":8},"end":{"line":87,"column":9}},{"start":{},"end":{}}],"line":83},"9":{"loc":{"start":{"line":88,"column":8},"end":{"line":92,"column":9}},"type":"if","locations":[{"start":{"line":88,"column":8},"end":{"line":92,"column":9}},{"start":{},"end":{}}],"line":88},"10":{"loc":{"start":{"line":94,"column":8},"end":{"line":97,"column":9}},"type":"if","locations":[{"start":{"line":94,"column":8},"end":{"line":97,"column":9}},{"start":{},"end":{}}],"line":94}},"s":{"0":1,"1":4,"2":4,"3":4,"4":4,"5":4,"6":4,"7":4,"8":4,"9":4,"10":4,"11":4,"12":4,"13":1,"14":4,"15":2,"16":4,"17":2,"18":2,"19":1,"20":1,"21":1,"22":4,"23":4,"24":0,"25":0,"26":0,"27":0,"28":0,"29":0,"30":0,"31":0,"32":0,"33":0,"34":0,"35":0,"36":0,"37":0,"38":0,"39":0,"40":0,"41":0,"42":0,"43":1},"f":{"0":4,"1":4,"2":0},"b":{"0":[1,3],"1":[2,2],"2":[2,2],"3":[1,1],"4":[1,0],"5":[0,0],"6":[0,0],"7":[0,0],"8":[0,0],"9":[0,0],"10":[0,0]},"_coverageSchema":"1a1c01bbd47fc00a2c39e90264f33305004495a9","hash":"a9a0013d70ac3144daba64774643a5d4c7252cd8"}
}
