TN:
SF:RegValidation.js
FN:2,CheckLength
FN:10,CheckSymb
FN:18,CheckLowUp
FN:28,CheckMatch
FNF:4
FNH:4
FNDA:3,CheckLength
FNDA:2,CheckSymb
FNDA:2,CheckLowUp
FNDA:1,CheckMatch
DA:3,3
DA:4,1
DA:6,2
DA:11,2
DA:12,1
DA:14,1
DA:19,2
DA:20,2
DA:21,2
DA:22,1
DA:24,1
DA:29,1
DA:30,1
DA:32,0
DA:35,1
DA:36,1
DA:37,1
DA:38,1
LF:18
LH:17
BRDA:3,0,0,1
BRDA:3,0,1,2
BRDA:11,1,0,1
BRDA:11,1,1,1
BRDA:11,2,0,2
BRDA:11,2,1,1
BRDA:11,2,2,1
BRDA:11,2,3,1
BRDA:11,2,4,1
BRDA:11,2,5,1
BRDA:11,2,6,1
BRDA:21,3,0,1
BRDA:21,3,1,1
BRDA:21,4,0,2
BRDA:21,4,1,1
BRDA:29,5,0,1
BRDA:29,5,1,0
BRF:17
BRH:16
end_of_record
TN:
SF:fuel-quote-class.js
FN:14,(anonymous_0)
FN:28,(anonymous_1)
FN:65,(anonymous_2)
FNF:3
FNH:2
FNDA:4,(anonymous_0)
FNDA:4,(anonymous_1)
FNDA:0,(anonymous_2)
DA:2,1
DA:16,4
DA:17,4
DA:18,4
DA:19,4
DA:20,4
DA:21,4
DA:22,4
DA:23,4
DA:24,4
DA:30,4
DA:32,4
DA:35,4
DA:37,1
DA:41,4
DA:43,2
DA:47,4
DA:49,2
DA:51,2
DA:53,1
DA:55,1
DA:57,1
DA:60,4
DA:61,4
DA:67,0
DA:68,0
DA:70,0
DA:71,0
DA:73,0
DA:75,0
DA:76,0
DA:78,0
DA:80,0
DA:81,0
DA:83,0
DA:85,0
DA:86,0
DA:88,0
DA:90,0
DA:91,0
DA:94,0
DA:96,0
DA:98,0
DA:103,1
LF:44
LH:25
BRDA:35,0,0,1
BRDA:35,0,1,3
BRDA:41,1,0,2
BRDA:41,1,1,2
BRDA:47,2,0,2
BRDA:47,2,1,2
BRDA:51,3,0,1
BRDA:51,3,1,1
BRDA:55,4,0,1
BRDA:55,4,1,0
BRDA:68,5,0,0
BRDA:68,5,1,0
BRDA:73,6,0,0
BRDA:73,6,1,0
BRDA:78,7,0,0
BRDA:78,7,1,0
BRDA:83,8,0,0
BRDA:83,8,1,0
BRDA:88,9,0,0
BRDA:88,9,1,0
BRDA:94,10,0,0
BRDA:94,10,1,0
BRF:22
BRH:9
end_of_record
